Hostname,Date,Time,Seconds,Temperature,Humidity
raspberrypi,2018-06-28,16:31:48,1530217908.0750406,25.2,38.6
raspberrypi,2018-06-28,16:31:58,1530217918.713192,25.2,38.6
raspberrypi,2018-06-28,16:32:12,1530217932.9169781,25.2,38.5
raspberrypi,2018-06-28,16:32:39,1530217959.7754104,25.2,38.5
raspberrypi,2018-06-28,16:32:50,1530217970.3313482,,
raspberrypi,2018-06-28,16:33:29,1530218009.324841,25.2,38.4
raspberrypi,2018-06-28,16:33:58,1530218038.7133782,25.2,38.5
raspberrypi,2018-06-28,16:34:09,1530218049.2695458,25.2,38.5
raspberrypi,2018-06-28,16:34:20,1530218060.9471905,25.2,38.5
raspberrypi,2018-06-28,16:34:31,1530218071.5215201,25.2,38.5
raspberrypi,2018-06-28,16:34:42,1530218082.1312325,25.2,38.4
raspberrypi,2018-06-28,16:34:52,1530218092.2154007,25.2,38.5
raspberrypi,2018-06-28,16:35:06,1530218106.4152048,25.2,38.5
raspberrypi,2018-06-28,16:35:16,1530218116.9736109,25.2,38.4
raspberrypi,2018-06-28,16:35:36,1530218136.235738,25.2,38.4
raspberrypi,2018-06-28,16:35:46,1530218146.3194625,25.2,38.4
raspberrypi,2018-06-28,16:35:56,1530218156.403612,25.2,38.4
raspberrypi,2018-06-28,16:36:15,1530218175.6675355,25.2,38.4
raspberrypi,2018-06-28,16:36:25,1530218185.7651322,23.6,38.4
raspberrypi,2018-06-28,16:36:42,1530218202.4944603,25.2,38.4
raspberrypi,2018-06-28,16:36:53,1530218213.0509193,25.2,38.4
raspberrypi,2018-06-28,16:37:09,1530218229.7830238,25.2,38.3
raspberrypi,2018-06-28,16:38:01,1530218281.591807,25.2,38.4
raspberrypi,2018-06-28,16:38:12,1530218292.239406,25.2,38.3
raspberrypi,2018-06-28,16:38:22,1530218302.3689268,25.2,38.3
raspberrypi,2018-06-28,16:38:32,1530218312.4483516,25.2,38.3
raspberrypi,2018-06-28,16:38:42,1530218322.5272179,25.2,38.3
raspberrypi,2018-06-28,16:38:52,1530218332.66216,25.2,38.3
raspberrypi,2018-06-28,16:39:06,1530218346.8562794,25.2,38.3
raspberrypi,2018-06-28,16:39:17,1530218357.4070675,25.2,38.3
raspberrypi,2018-06-28,16:39:28,1530218368.0172026,25.2,38.3
raspberrypi,2018-06-28,17:09:48,1530220188.0010927,25.2,38.3
pilogger,2018-06-28,17:11:10,1530220270.407193,25.2,38.3
pilogger,2018-06-28,17:11:31,1530220291.9680984,25.2,38.2
pilogger,2018-06-28,17:11:48,1530220308.7179234,25.2,38.2
pilogger,2018-06-28,17:11:58,1530220318.7964654,25.2,38.2
pilogger,2018-06-28,17:12:25,1530220345.6683097,25.2,38.2
pilogger,2018-06-28,17:12:59,1530220379.9121082,25.2,38.2
pilogger,2018-06-28,17:14:00,1530220440.6506288,25.2,38.3
pilogger,2018-06-28,17:15:00,1530220500.96432,25.2,38.2
pilogger,2018-06-28,17:16:01,1530220561.6141894,25.2,38.6
pilogger,2018-06-28,17:17:02,1530220622.5445325,25.2,38.7
pilogger,2018-06-28,17:18:02,1530220682.8299563,25.2,38.6
pilogger,2018-06-28,17:19:03,1530220743.3281384,25.2,38.6
pilogger,2018-06-28,17:20:04,1530220804.0319872,25.2,38.6
pilogger,2018-06-28,17:21:04,1530220864.681997,22.0,38.6
pilogger,2018-06-28,17:22:05,1530220925.3882318,,
pilogger,2018-06-28,17:23:05,1530220985.4034417,25.2,38.6
pilogger,2018-06-28,17:24:05,1530221045.8083377,25.2,38.6
pilogger,2018-06-28,17:25:06,1530221106.1405377,25.2,38.6
pilogger,2018-06-28,17:26:06,1530221166.3197052,25.2,38.6
pilogger,2018-06-28,17:27:06,1530221226.6619523,25.2,38.6
pilogger,2018-06-28,17:28:07,1530221287.3120306,25.2,38.6
pilogger,2018-06-28,17:29:07,1530221347.7558806,,
pilogger,2018-06-28,17:30:07,1530221407.7824826,25.2,38.6
pilogger,2018-06-28,17:31:08,1530221468.5441394,25.2,38.6
pilogger,2018-06-28,17:32:09,1530221529.1935968,25.2,38.7
pilogger,2018-06-28,17:33:09,1530221589.5903244,25.2,38.7
pilogger,2018-06-28,17:34:10,1530221650.4558744,25.2,38.7
pilogger,2018-06-28,17:35:11,1530221711.1061063,25.2,38.7
pilogger,2018-06-28,17:36:11,1530221771.7560136,25.2,38.7
pilogger,2018-06-28,17:37:12,1530221832.5138154,25.2,38.7
pilogger,2018-06-28,17:38:13,1530221893.1641772,25.2,38.8
pilogger,2018-06-28,17:39:13,1530221953.1902597,25.2,38.7
pilogger,2018-06-28,17:40:13,1530222013.5377116,25.2,38.8
pilogger,2018-06-28,17:41:14,1530222074.244012,25.2,38.8
pilogger,2018-06-28,17:42:14,1530222134.8757517,,
pilogger,2018-06-28,17:43:14,1530222194.9004629,25.2,38.7
pilogger,2018-06-28,17:44:15,1530222255.1899052,25.2,38.7
pilogger,2018-06-28,17:45:15,1530222315.8403227,25.2,38.7
pilogger,2018-06-28,17:46:16,1530222376.596203,25.2,38.7
pilogger,2018-06-28,17:47:17,1530222437.246339,25.2,38.8
pilogger,2018-06-28,17:48:17,1530222497.951995,25.2,38.8
pilogger,2018-06-28,17:49:18,1530222558.7059596,25.2,38.8
pilogger,2018-06-28,17:50:18,1530222618.879733,,
pilogger,2018-06-28,17:51:18,1530222678.899793,25.2,38.7
pilogger,2018-06-28,17:52:19,1530222739.764092,25.2,38.7
pilogger,2018-06-28,17:53:20,1530222800.4722533,25.2,38.8
pilogger,2018-06-28,17:54:21,1530222861.122427,25.2,38.7
pilogger,2018-06-28,17:55:21,1530222921.568118,25.3,38.8
pilogger,2018-06-28,17:56:22,1530222982.0679603,25.2,38.7
pilogger,2018-06-28,17:57:22,1530223042.7181783,25.2,38.8
pilogger,2018-06-28,17:58:23,1530223103.0001426,25.2,38.7
pilogger,2018-06-28,17:59:23,1530223163.758228,25.2,38.7
pilogger,2018-06-28,18:00:24,1530223224.408098,25.2,38.7
pilogger,2018-06-28,18:01:24,1530223284.6379344,25.2,38.7
pilogger,2018-06-28,18:02:25,1530223345.2881908,25.2,38.7
pilogger,2018-06-28,18:03:26,1530223406.1022096,25.2,38.7
pilogger,2018-06-28,18:04:26,1530223466.2780707,25.2,38.7
pilogger,2018-06-28,18:05:27,1530223527.2480202,25.2,38.7
pilogger,2018-06-28,18:06:28,1530223588.171783,22.0,38.6
pilogger,2018-06-28,18:07:28,1530223648.9282014,25.2,38.6
pilogger,2018-06-28,18:08:29,1530223709.6342347,25.2,38.6
pilogger,2018-06-28,18:09:30,1530223770.0278425,25.2,38.6
pilogger,2018-06-28,18:10:30,1530223830.6781688,25.2,38.6
pilogger,2018-06-28,18:11:31,1530223891.1800945,25.2,38.6
pilogger,2018-06-28,18:12:31,1530223951.8104265,25.2,38.6
pilogger,2018-06-28,18:13:32,1530224012.0398567,,
pilogger,2018-06-28,18:14:32,1530224072.0642421,25.3,38.6
pilogger,2018-06-28,18:15:33,1530224133.0360098,25.2,38.5
pilogger,2018-06-28,18:16:34,1530224194.0060658,25.2,38.4
pilogger,2018-06-28,18:17:34,1530224254.5120728,25.3,38.5
pilogger,2018-06-28,18:18:35,1530224315.3236382,25.2,38.4
pilogger,2018-06-28,18:19:35,1530224375.5519578,25.3,38.5
pilogger,2018-06-28,18:20:35,1530224435.7281332,25.3,38.4
pilogger,2018-06-28,18:21:36,1530224496.5401387,25.3,38.4
pilogger,2018-06-28,18:22:36,1530224556.9400928,25.3,38.4
pilogger,2018-06-28,18:23:37,1530224617.646046,25.3,38.4
pilogger,2018-06-28,18:24:38,1530224678.2958863,25.3,38.4
pilogger,2018-06-28,18:25:38,1530224738.945988,25.3,38.4
pilogger,2018-06-28,18:26:39,1530224799.7040915,25.2,38.3
pilogger,2018-06-28,18:27:40,1530224860.3542418,25.3,38.3
pilogger,2018-06-28,18:28:41,1530224921.2263558,25.3,38.3
pilogger,2018-06-28,18:29:41,1530224981.8756042,25.3,38.3
pilogger,2018-06-28,18:30:42,1530225042.6357696,,
pilogger,2018-06-28,18:31:42,1530225102.6780968,25.3,38.3
pilogger,2018-06-28,18:32:43,1530225163.0183196,25.3,38.2
pilogger,2018-06-28,18:33:43,1530225223.3076706,25.3,38.2
pilogger,2018-06-28,18:34:44,1530225284.285771,25.3,38.3
pilogger,2018-06-28,18:35:44,1530225344.5181696,25.3,38.1
pilogger,2018-06-28,18:36:44,1530225404.9201858,25.3,38.2
pilogger,2018-06-28,18:37:45,1530225465.5703251,25.3,38.1
pilogger,2018-06-28,18:38:45,1530225525.8583632,25.3,38.1
pilogger,2018-06-28,18:39:46,1530225586.0898821,25.3,38.1
pilogger,2018-06-28,18:40:46,1530225646.2659855,18.9,38.1
pilogger,2018-06-28,18:41:46,1530225706.4422398,25.3,38.1
pilogger,2018-06-28,18:42:47,1530225767.3144004,25.3,38.1
pilogger,2018-06-28,18:43:47,1530225827.963747,25.3,38.1
pilogger,2018-06-28,18:44:48,1530225888.2581303,25.3,38.0
pilogger,2018-06-28,18:45:48,1530225948.9641633,25.3,38.1
pilogger,2018-06-28,18:46:49,1530226009.613662,25.3,38.0
pilogger,2018-06-28,18:47:50,1530226070.5933547,25.3,38.0
pilogger,2018-06-28,18:48:51,1530226131.3539274,25.3,38.0
pilogger,2018-06-28,18:49:52,1530226192.114042,25.3,38.0
pilogger,2018-06-28,18:50:52,1530226252.7640936,25.3,37.9
pilogger,2018-06-28,18:51:53,1530226313.5244186,25.3,37.9
pilogger,2018-06-28,18:52:54,1530226374.1736853,22.1,38.0
pilogger,2018-06-28,18:53:54,1530226434.4020352,25.3,38.0
pilogger,2018-06-28,18:54:55,1530226495.1081972,25.3,37.9
pilogger,2018-06-28,18:55:55,1530226555.2881196,25.3,38.0
pilogger,2018-06-28,18:56:55,1530226615.6884074,25.3,37.9
pilogger,2018-06-28,18:57:56,1530226676.4469438,25.3,38.0
pilogger,2018-06-28,18:58:57,1530226737.097781,25.3,37.9
pilogger,2018-06-28,18:59:57,1530226797.2759223,18.9,37.8
pilogger,2018-06-28,19:00:57,1530226857.4521866,25.3,37.8
pilogger,2018-06-28,19:01:58,1530226918.1023,25.3,37.8
pilogger,2018-06-28,19:02:58,1530226978.1425462,25.3,37.8
pilogger,2018-06-28,19:03:58,1530227038.319793,25.3,37.8
pilogger,2018-06-28,19:04:58,1530227098.6580036,25.3,37.8
pilogger,2018-06-28,19:05:58,1530227158.8863714,25.3,37.8
pilogger,2018-06-28,19:06:59,1530227219.5362444,25.4,37.8
pilogger,2018-06-28,19:08:00,1530227280.1857157,25.3,37.8
pilogger,2018-06-28,19:09:00,1530227340.8358302,25.3,37.7
pilogger,2018-06-28,19:10:01,1530227401.175967,25.4,37.8
pilogger,2018-06-28,19:11:01,1530227461.8261454,25.3,37.8
pilogger,2018-06-28,19:12:02,1530227522.6940744,25.3,37.8
pilogger,2018-06-28,19:13:03,1530227583.5656393,,
pilogger,2018-06-28,19:14:03,1530227643.5869875,25.3,37.7
pilogger,2018-06-28,19:15:03,1530227703.900127,25.3,37.7
pilogger,2018-06-28,19:16:04,1530227764.6622024,25.3,37.7
pilogger,2018-06-28,19:17:05,1530227825.3138373,25.3,37.7
pilogger,2018-06-28,19:18:05,1530227885.9637723,25.3,37.7
pilogger,2018-06-28,19:19:06,1530227946.674008,25.3,37.7
pilogger,2018-06-28,19:20:06,1530228006.9621882,25.4,37.8
pilogger,2018-06-28,19:21:07,1530228067.6120973,18.9,37.7
pilogger,2018-06-28,19:22:08,1530228128.0621796,25.3,37.7
pilogger,2018-06-28,19:23:08,1530228188.2397985,25.3,37.7
pilogger,2018-06-28,19:24:08,1530228248.8900735,25.4,37.7
pilogger,2018-06-28,19:25:09,1530228309.0684795,25.3,37.7
pilogger,2018-06-28,19:26:09,1530228369.9357903,25.3,37.7
pilogger,2018-06-28,19:27:10,1530228430.585769,25.4,37.8
pilogger,2018-06-28,19:28:11,1530228491.2359347,25.3,37.6
pilogger,2018-06-28,19:29:11,1530228551.942355,,
pilogger,2018-06-28,19:30:11,1530228611.9699843,25.3,37.5
pilogger,2018-06-28,19:31:12,1530228672.145859,25.4,37.7
pilogger,2018-06-28,19:32:12,1530228732.9023032,25.4,37.7
pilogger,2018-06-28,19:33:13,1530228793.081731,25.4,37.5
pilogger,2018-06-28,19:34:13,1530228853.3098912,25.4,37.6
pilogger,2018-06-28,19:35:14,1530228914.0141115,25.4,37.5
pilogger,2018-06-28,19:36:14,1530228974.2458787,25.4,37.6
pilogger,2018-06-28,19:37:14,1530229034.581726,25.4,37.6
pilogger,2018-06-28,19:38:14,1530229094.8099515,25.4,37.6
pilogger,2018-06-28,19:39:15,1530229155.46029,25.4,37.6
pilogger,2018-06-28,19:40:15,1530229215.963925,25.4,37.6
pilogger,2018-06-28,19:41:16,1530229276.7257655,25.4,37.7
pilogger,2018-06-28,19:42:17,1530229337.376105,25.4,37.6
pilogger,2018-06-28,19:43:18,1530229398.0262535,25.4,37.5
pilogger,2018-06-28,19:44:18,1530229458.8957348,25.4,37.5
pilogger,2018-06-28,19:45:19,1530229519.6556287,25.4,37.5
pilogger,2018-06-28,19:46:20,1530229580.362081,25.4,37.6
pilogger,2018-06-28,19:47:21,1530229641.0663528,25.4,37.5
pilogger,2018-06-28,19:48:21,1530229701.9967687,,
pilogger,2018-06-28,19:49:22,1530229762.0280964,25.4,37.5
pilogger,2018-06-28,19:50:22,1530229822.2599647,25.4,37.5
pilogger,2018-06-28,19:51:22,1530229882.9640832,25.4,37.5
pilogger,2018-06-28,19:52:23,1530229943.6707113,25.4,37.4
pilogger,2018-06-28,19:53:23,1530230003.9598734,25.4,11.8
pilogger,2018-06-28,19:54:24,1530230064.6100674,22.2,37.4
pilogger,2018-06-28,19:55:24,1530230124.6361797,25.4,37.4
pilogger,2018-06-28,19:56:25,1530230185.4018745,25.4,37.4
pilogger,2018-06-28,19:57:26,1530230246.0517468,22.2,37.4
pilogger,2018-06-28,19:58:26,1530230306.7580166,25.4,37.3
pilogger,2018-06-28,19:59:27,1530230367.2001672,25.4,37.3
pilogger,2018-06-28,20:00:27,1530230427.5382042,25.4,37.2
pilogger,2018-06-28,20:01:28,1530230488.2456794,,
pilogger,2018-06-28,20:02:28,1530230548.2646303,25.4,37.2
pilogger,2018-06-28,20:03:29,1530230609.0258126,25.4,37.3
pilogger,2018-06-28,20:04:29,1530230669.2578223,,
pilogger,2018-06-28,20:05:29,1530230729.2880855,,
pilogger,2018-06-28,20:06:29,1530230789.3202708,,
pilogger,2018-06-28,20:07:29,1530230849.3518517,25.4,37.2
pilogger,2018-06-28,20:08:29,1530230909.5801346,25.4,37.3
pilogger,2018-06-28,20:09:30,1530230970.2840025,25.4,37.3
pilogger,2018-06-28,20:10:30,1530231030.6783118,25.4,37.2
pilogger,2018-06-28,20:11:30,1530231090.713352,25.4,37.2
pilogger,2018-06-28,20:12:30,1530231150.9419193,,
pilogger,2018-06-28,20:13:30,1530231210.9720066,25.4,37.2
pilogger,2018-06-28,20:14:31,1530231271.7937896,25.4,37.3
pilogger,2018-06-28,20:15:32,1530231332.555932,6.2,30.9
pilogger,2018-06-28,20:16:33,1530231393.2063274,25.4,37.2
pilogger,2018-06-28,20:17:34,1530231454.0742505,25.4,37.3
pilogger,2018-06-28,20:18:34,1530231514.2499588,19.0,37.2
pilogger,2018-06-28,20:19:34,1530231574.5916493,25.4,37.2
pilogger,2018-06-28,20:20:35,1530231635.0879354,25.4,37.2
pilogger,2018-06-28,20:21:35,1530231695.737958,,
pilogger,2018-06-28,20:22:35,1530231755.7703638,25.4,37.2
pilogger,2018-06-28,20:23:36,1530231816.0002303,25.4,37.2
pilogger,2018-06-28,20:24:36,1530231876.706133,25.4,37.2
pilogger,2018-06-28,20:25:37,1530231937.3556986,25.4,37.2
pilogger,2018-06-28,20:26:38,1530231998.223937,25.4,37.1
pilogger,2018-06-28,20:27:38,1530232058.6180303,,
pilogger,2018-06-28,20:28:38,1530232118.642217,25.4,37.2
pilogger,2018-06-28,20:29:38,1530232178.9283352,25.4,37.2
pilogger,2018-06-28,20:30:39,1530232239.7437687,25.4,37.3
pilogger,2018-06-28,20:31:39,1530232299.9778452,,
pilogger,2018-06-28,20:32:40,1530232360.009936,25.4,37.1
pilogger,2018-06-28,20:33:40,1530232420.4581263,25.4,37.2
pilogger,2018-06-28,20:34:41,1530232481.2238374,25.4,37.2
pilogger,2018-06-28,20:35:41,1530232541.8740659,,
pilogger,2018-06-28,20:36:41,1530232601.901756,,
pilogger,2018-06-28,20:37:41,1530232661.9241006,25.4,37.1
pilogger,2018-06-28,20:38:42,1530232722.57383,25.4,37.1
pilogger,2018-06-28,20:39:42,1530232782.85984,25.4,37.1
pilogger,2018-06-28,20:40:43,1530232843.0381362,,
pilogger,2018-06-28,20:41:43,1530232903.0801299,25.4,37.0
pilogger,2018-06-28,20:42:43,1530232963.3736804,,
pilogger,2018-06-28,20:43:43,1530233023.3883145,25.4,37.1
pilogger,2018-06-28,20:44:44,1530233084.0381558,,
pilogger,2018-06-28,20:45:44,1530233144.070417,25.3,37.1
pilogger,2018-06-28,20:46:44,1530233204.719887,25.3,37.2
pilogger,2018-06-28,20:47:45,1530233265.0600505,,
pilogger,2018-06-28,20:48:45,1530233325.0842814,,
pilogger,2018-06-28,20:49:45,1530233385.1076102,25.4,37.4
pilogger,2018-06-28,20:50:45,1530233445.8657317,25.4,37.5
pilogger,2018-06-28,20:51:46,1530233506.0419505,25.3,37.5
pilogger,2018-06-28,20:52:46,1530233566.748082,25.3,37.5
pilogger,2018-06-28,20:53:46,1530233626.9242463,25.3,37.5
pilogger,2018-06-28,20:54:47,1530233687.5741158,18.9,37.5
pilogger,2018-06-28,20:55:48,1530233748.2777636,25.3,37.5
pilogger,2018-06-28,20:56:48,1530233808.5681043,25.3,37.5
pilogger,2018-06-28,20:57:48,1530233868.7482476,25.3,37.5
pilogger,2018-06-28,20:58:49,1530233929.4536898,25.3,37.5
pilogger,2018-06-28,20:59:50,1530233990.1037657,25.3,37.5
pilogger,2018-06-28,21:00:50,1530234050.8640885,25.3,37.5
pilogger,2018-06-28,21:01:51,1530234111.7421114,25.3,37.6
pilogger,2018-06-28,21:02:52,1530234172.3923097,25.3,37.6
pilogger,2018-06-28,21:03:53,1530234233.0425065,25.3,37.6
pilogger,2018-06-28,21:04:53,1530234293.4337757,25.3,37.6
pilogger,2018-06-28,21:05:54,1530234354.0839224,25.3,37.6
pilogger,2018-06-28,21:06:54,1530234414.9521222,25.3,37.7
pilogger,2018-06-28,21:07:55,1530234475.6023254,25.3,37.6
pilogger,2018-06-28,21:08:55,1530234535.9417727,25.3,37.6
pilogger,2018-06-28,21:09:55,1530234595.9758441,25.3,37.7
pilogger,2018-06-28,21:10:56,1530234656.785795,25.3,37.7
pilogger,2018-06-28,21:11:57,1530234717.6080236,22.1,37.7
pilogger,2018-06-28,21:12:58,1530234778.3681078,25.3,37.7
pilogger,2018-06-28,21:13:58,1530234838.5979106,18.9,37.7
pilogger,2018-06-28,21:14:59,1530234899.0480762,18.9,37.7
pilogger,2018-06-28,21:15:59,1530234959.3920133,25.3,37.6
pilogger,2018-06-28,21:17:00,1530235020.1520658,25.3,37.6
pilogger,2018-06-28,21:18:00,1530235080.80223,25.3,37.7
pilogger,2018-06-28,21:19:01,1530235141.6703126,25.3,37.7
pilogger,2018-06-28,21:20:01,1530235201.845974,25.3,37.7
pilogger,2018-06-28,21:21:02,1530235262.5519674,18.9,37.7
pilogger,2018-06-28,21:22:03,1530235323.417973,25.3,37.7
pilogger,2018-06-28,21:23:04,1530235384.3439233,25.3,37.7
pilogger,2018-06-28,21:24:05,1530235445.1058733,25.3,37.7
pilogger,2018-06-28,21:25:05,1530235505.3341517,25.3,37.7
pilogger,2018-06-28,21:26:05,1530235565.7922993,25.3,37.6
pilogger,2018-06-28,21:27:05,1530235625.9721365,25.3,37.7
pilogger,2018-06-28,21:28:06,1530235686.7317305,25.3,37.7
pilogger,2018-06-28,21:29:07,1530235747.3819866,25.3,37.6
pilogger,2018-06-28,21:30:08,1530235808.08797,25.3,37.6
pilogger,2018-06-28,21:31:08,1530235868.9060776,25.3,37.6
pilogger,2018-06-28,21:32:09,1530235929.5562153,25.3,37.6
pilogger,2018-06-28,21:33:09,1530235989.7881262,,
pilogger,2018-06-28,21:34:09,1530236049.8203669,25.3,37.5
pilogger,2018-06-28,21:35:10,1530236110.1558914,25.3,37.4
pilogger,2018-06-28,21:36:10,1530236170.8058832,25.3,37.5
pilogger,2018-06-28,21:37:11,1530236231.0383005,25.3,37.4
pilogger,2018-06-28,21:38:11,1530236291.904202,25.3,37.4
pilogger,2018-06-28,21:39:12,1530236352.2477636,25.3,37.4
pilogger,2018-06-28,21:40:12,1530236412.9537082,25.3,37.4
pilogger,2018-06-28,21:41:13,1530236473.1299188,25.3,37.4
pilogger,2018-06-28,21:42:13,1530236533.835937,25.3,37.4
pilogger,2018-06-28,21:43:14,1530236594.4861958,,
pilogger,2018-06-28,21:44:14,1530236654.5018282,,
pilogger,2018-06-28,21:45:14,1530236714.5303779,25.3,37.2
pilogger,2018-06-28,21:46:15,1530236775.4581723,25.3,37.3
pilogger,2018-06-28,21:47:15,1530236835.6898966,,
pilogger,2018-06-28,21:48:15,1530236895.7121217,25.3,37.2
pilogger,2018-06-28,21:49:16,1530236956.1003199,25.3,37.2
pilogger,2018-06-28,21:50:16,1530237016.3316672,25.3,37.2
pilogger,2018-06-28,21:51:17,1530237077.146212,25.3,37.2
pilogger,2018-06-28,21:52:17,1530237137.4883285,,
pilogger,2018-06-28,21:53:17,1530237197.5203376,18.9,37.2
pilogger,2018-06-28,21:54:17,1530237257.7518055,25.3,37.2
pilogger,2018-06-28,21:55:18,1530237318.4021618,,
pilogger,2018-06-28,21:56:18,1530237378.4374871,,
pilogger,2018-06-28,21:57:18,1530237438.4630423,,
pilogger,2018-06-28,21:58:18,1530237498.4858384,25.3,37.2
pilogger,2018-06-28,21:59:19,1530237559.1363156,25.3,37.2
pilogger,2018-06-28,22:00:19,1530237619.8458903,18.9,37.2
pilogger,2018-06-28,22:01:20,1530237680.4961696,25.3,37.2
pilogger,2018-06-28,22:02:21,1530237741.145806,25.3,37.2
pilogger,2018-06-28,22:03:21,1530237801.3801816,,
pilogger,2018-06-28,22:04:21,1530237861.4043086,25.3,37.1
pilogger,2018-06-28,22:05:21,1530237921.7999003,25.3,37.1
pilogger,2018-06-28,22:06:22,1530237982.0878026,25.3,37.1
pilogger,2018-06-28,22:07:22,1530238042.9041605,25.3,37.1
pilogger,2018-06-28,22:08:23,1530238103.7261896,25.3,37.0
pilogger,2018-06-28,22:09:23,1530238163.959798,25.3,37.0
pilogger,2018-06-28,22:10:24,1530238224.3596582,25.3,37.0
pilogger,2018-06-28,22:11:25,1530238285.0100331,25.3,37.0
pilogger,2018-06-28,22:12:25,1530238345.5202765,,
pilogger,2018-06-28,22:13:25,1530238405.5503519,25.3,37.0
pilogger,2018-06-28,22:14:26,1530238466.25566,25.3,37.0
pilogger,2018-06-28,22:15:26,1530238526.9058585,,
pilogger,2018-06-28,22:16:26,1530238586.9300444,,
pilogger,2018-06-28,22:17:26,1530238646.9621189,25.3,37.0
pilogger,2018-06-28,22:18:27,1530238707.4078546,,
pilogger,2018-06-28,22:19:27,1530238767.4309356,25.3,37.0
pilogger,2018-06-28,22:20:27,1530238827.7180483,25.3,37.0
pilogger,2018-06-28,22:21:28,1530238888.3682365,25.3,37.0
pilogger,2018-06-28,22:22:28,1530238948.7655208,25.3,37.0
pilogger,2018-06-28,22:23:29,1530239009.5857878,,
pilogger,2018-06-28,22:24:29,1530239069.6076682,25.2,36.9
pilogger,2018-06-28,22:25:29,1530239129.8397052,25.2,36.9
pilogger,2018-06-28,22:26:30,1530239190.0176077,25.3,37.0
pilogger,2018-06-28,22:27:30,1530239250.668687,25.2,36.9
pilogger,2018-06-28,22:28:30,1530239310.8479676,25.2,36.9
pilogger,2018-06-28,22:29:31,1530239371.138257,25.2,36.9
pilogger,2018-06-28,22:30:31,1530239431.7864878,,
pilogger,2018-06-28,22:31:31,1530239491.8058128,25.2,36.9
pilogger,2018-06-28,22:32:32,1530239552.78583,25.3,37.0
pilogger,2018-06-28,22:33:32,1530239612.960204,25.3,37.0
pilogger,2018-06-28,22:34:33,1530239673.6097867,25.3,37.0
pilogger,2018-06-28,22:35:34,1530239734.3157685,25.2,36.9
pilogger,2018-06-28,22:36:35,1530239795.1777806,,
pilogger,2018-06-28,22:37:35,1530239855.2057023,25.2,36.9
pilogger,2018-06-28,22:38:35,1530239915.3821657,25.2,36.9
pilogger,2018-06-28,22:39:36,1530239976.1437225,25.2,36.9
pilogger,2018-06-28,22:40:36,1530240036.7936597,25.2,37.0
pilogger,2018-06-28,22:41:37,1530240097.7720692,25.2,36.9
pilogger,2018-06-28,22:42:38,1530240158.5842474,25.2,36.9
pilogger,2018-06-28,22:43:39,1530240219.3441138,25.2,36.9
pilogger,2018-06-28,22:44:39,1530240279.9936466,25.2,36.9
pilogger,2018-06-28,22:45:40,1530240340.2280958,25.2,36.9
pilogger,2018-06-28,22:46:40,1530240400.8781247,25.2,37.0
pilogger,2018-06-28,22:47:41,1530240461.2203672,25.2,36.9
pilogger,2018-06-28,22:48:41,1530240521.5576143,25.2,37.0
pilogger,2018-06-28,22:49:41,1530240581.7878184,25.2,36.9
pilogger,2018-06-28,22:50:42,1530240642.2899175,25.2,36.9
pilogger,2018-06-28,22:51:42,1530240702.9962473,25.2,36.9
pilogger,2018-06-28,22:52:43,1530240763.647547,25.2,36.9
pilogger,2018-06-28,22:53:44,1530240824.4558847,25.2,37.0
pilogger,2018-06-28,22:54:45,1530240885.1579807,25.2,37.0
pilogger,2018-06-28,22:55:45,1530240945.4961908,25.2,36.9
pilogger,2018-06-28,22:56:46,1530241006.3096418,25.2,36.9
pilogger,2018-06-28,22:57:46,1530241066.5999181,25.2,36.9
pilogger,2018-06-28,22:58:47,1530241127.3059485,25.2,37.0
pilogger,2018-06-28,22:59:47,1530241187.6499813,25.2,36.9
pilogger,2018-06-28,23:00:47,1530241247.8291411,25.2,36.9
pilogger,2018-06-28,23:01:48,1530241308.5899029,25.2,36.9
pilogger,2018-06-28,23:02:48,1530241368.978028,25.2,36.9
pilogger,2018-06-28,23:03:49,1530241429.7422345,25.2,36.9
pilogger,2018-06-28,23:04:49,1530241489.9180946,25.2,36.9
pilogger,2018-06-28,23:05:50,1530241550.7859616,25.2,36.9
pilogger,2018-06-28,23:06:51,1530241611.4358807,25.2,36.9
pilogger,2018-06-28,23:07:52,1530241672.3601599,,
pilogger,2018-06-28,23:08:52,1530241732.4086738,25.2,36.9
pilogger,2018-06-28,23:09:53,1530241793.2239084,25.2,36.9
pilogger,2018-06-28,23:10:53,1530241853.8738425,25.2,36.9
pilogger,2018-06-28,23:11:54,1530241914.0568502,25.2,36.9
pilogger,2018-06-28,23:12:54,1530241974.3983107,25.2,36.9
pilogger,2018-06-28,23:13:54,1530242034.6297858,,
pilogger,2018-06-28,23:14:54,1530242094.6470554,,
pilogger,2018-06-28,23:15:54,1530242154.6740146,25.2,36.9
pilogger,2018-06-28,23:16:54,1530242214.9622881,25.2,36.8
pilogger,2018-06-28,23:17:55,1530242275.461643,25.2,36.8
pilogger,2018-06-28,23:18:56,1530242336.1116729,25.2,36.8
pilogger,2018-06-28,23:19:56,1530242396.7619705,25.2,36.8
pilogger,2018-06-28,23:20:56,1530242456.9902265,25.2,36.7
pilogger,2018-06-28,23:21:57,1530242517.328733,25.2,36.7
pilogger,2018-06-28,23:22:57,1530242577.6100047,25.2,36.8
pilogger,2018-06-28,23:23:58,1530242638.315869,25.2,36.8
pilogger,2018-06-28,23:24:58,1530242698.4985762,25.2,36.8
pilogger,2018-06-28,23:25:58,1530242758.678429,25.2,36.8
pilogger,2018-06-28,23:26:58,1530242818.909633,25.2,36.8
pilogger,2018-06-28,23:27:59,1530242879.5600338,25.2,36.7
pilogger,2018-06-28,23:29:00,1530242940.2709963,25.2,36.7
pilogger,2018-06-28,23:30:00,1530243000.9760718,25.2,36.7
pilogger,2018-06-28,23:31:01,1530243061.6822355,25.2,36.6
pilogger,2018-06-28,23:32:01,1530243121.966382,25.2,36.6
pilogger,2018-06-28,23:33:02,1530243182.6717818,25.2,36.6
pilogger,2018-06-28,23:34:03,1530243243.3758266,25.2,36.6
pilogger,2018-06-28,23:35:03,1530243303.6041176,,
pilogger,2018-06-28,23:36:03,1530243363.6281114,,
pilogger,2018-06-28,23:37:03,1530243423.6584353,25.2,36.6
pilogger,2018-06-28,23:38:04,1530243484.051906,25.2,36.6
pilogger,2018-06-28,23:39:04,1530243544.7019863,25.2,36.6
pilogger,2018-06-28,23:40:05,1530243605.352181,25.2,36.6
pilogger,2018-06-28,23:41:06,1530243666.0016897,25.2,36.5
pilogger,2018-06-28,23:42:06,1530243726.982018,,
pilogger,2018-06-28,23:43:07,1530243787.0038924,25.2,36.5
pilogger,2018-06-28,23:44:07,1530243847.288012,25.1,36.4
pilogger,2018-06-28,23:45:07,1530243907.5163515,25.2,36.5
pilogger,2018-06-28,23:46:08,1530243968.166111,,
pilogger,2018-06-28,23:47:08,1530244028.1842625,25.2,36.5
pilogger,2018-06-28,23:48:08,1530244088.8338623,25.2,36.5
pilogger,2018-06-28,23:49:09,1530244149.4842048,25.2,36.5
pilogger,2018-06-28,23:50:09,1530244209.7183278,25.2,36.5
pilogger,2018-06-28,23:51:09,1530244269.897861,25.1,36.4
pilogger,2018-06-28,23:52:10,1530244330.075804,,
pilogger,2018-06-28,23:53:10,1530244390.099928,25.2,36.6
pilogger,2018-06-28,23:54:10,1530244450.8042438,25.2,36.5
pilogger,2018-06-28,23:55:11,1530244511.726325,18.8,36.5
pilogger,2018-06-28,23:56:11,1530244571.9018118,25.2,36.5
pilogger,2018-06-28,23:57:12,1530244632.5518794,25.1,36.4
pilogger,2018-06-28,23:58:12,1530244692.576086,25.2,36.5
pilogger,2018-06-28,23:59:13,1530244753.2261124,25.1,36.4
pilogger,2018-06-29,00:00:13,1530244813.5600157,25.1,36.4
pilogger,2018-06-29,00:01:14,1530244874.2657783,25.1,36.4
pilogger,2018-06-29,00:02:14,1530244934.7699785,25.2,36.5
pilogger,2018-06-29,00:03:15,1530244995.4740472,,
pilogger,2018-06-29,00:04:15,1530245055.4976146,25.1,36.5
pilogger,2018-06-29,00:05:16,1530245116.2042987,25.2,36.6
pilogger,2018-06-29,00:06:17,1530245177.134493,25.1,36.5
pilogger,2018-06-29,00:07:17,1530245237.4701793,25.2,36.7
pilogger,2018-06-29,00:08:17,1530245297.9198453,25.1,36.6
pilogger,2018-06-29,00:09:18,1530245358.6759374,25.1,36.7
pilogger,2018-06-29,00:10:19,1530245419.3821423,25.1,36.8
pilogger,2018-06-29,00:11:19,1530245479.5604029,25.1,36.8
pilogger,2018-06-29,00:12:20,1530245540.3748763,25.1,36.9
pilogger,2018-06-29,00:13:20,1530245600.6097653,25.1,36.8
pilogger,2018-06-29,00:14:21,1530245661.2599692,25.1,37.0
pilogger,2018-06-29,00:15:22,1530245722.1359162,,
pilogger,2018-06-29,00:16:22,1530245782.159035,25.1,37.0
pilogger,2018-06-29,00:17:22,1530245842.9744601,25.1,37.0
pilogger,2018-06-29,00:18:23,1530245903.6256413,25.1,37.1
pilogger,2018-06-29,00:19:24,1530245964.2760305,25.1,37.1
pilogger,2018-06-29,00:20:24,1530246024.9259713,25.1,37.2
pilogger,2018-06-29,00:21:25,1530246085.576169,25.1,37.2
pilogger,2018-06-29,00:22:26,1530246146.2259357,25.1,37.2
pilogger,2018-06-29,00:23:26,1530246206.8755515,25.1,37.2
pilogger,2018-06-29,00:24:27,1530246267.5257936,25.1,37.2
pilogger,2018-06-29,00:25:28,1530246328.2820768,25.1,37.2
pilogger,2018-06-29,00:26:28,1530246388.9322417,25.1,37.1
pilogger,2018-06-29,00:27:29,1530246449.6936653,25.1,37.2
pilogger,2018-06-29,00:28:30,1530246510.3436112,25.1,37.1
pilogger,2018-06-29,00:29:30,1530246570.5199153,25.1,37.0
pilogger,2018-06-29,00:30:31,1530246631.2759697,25.1,37.0
pilogger,2018-06-29,00:31:31,1530246691.507996,25.1,37.0
pilogger,2018-06-29,00:32:32,1530246752.4321537,25.1,37.0
pilogger,2018-06-29,00:33:32,1530246812.6116586,25.2,37.0
pilogger,2018-06-29,00:34:32,1530246872.7900958,,
pilogger,2018-06-29,00:35:32,1530246932.8156502,25.1,36.9
pilogger,2018-06-29,00:36:32,1530246992.991911,25.1,36.9
pilogger,2018-06-29,00:37:33,1530247053.8639147,,
pilogger,2018-06-29,00:38:33,1530247113.8849087,25.1,36.8
pilogger,2018-06-29,00:39:34,1530247174.225874,25.1,36.9
pilogger,2018-06-29,00:40:34,1530247234.8779166,25.1,36.8
pilogger,2018-06-29,00:41:35,1530247295.7459655,25.1,36.8
pilogger,2018-06-29,00:42:36,1530247356.3961306,25.1,36.8
pilogger,2018-06-29,00:43:36,1530247416.5742776,25.1,36.8
pilogger,2018-06-29,00:44:37,1530247477.2241826,25.1,36.8
pilogger,2018-06-29,00:45:37,1530247537.8734918,25.1,36.8
pilogger,2018-06-29,00:46:38,1530247598.1053154,25.1,36.8
pilogger,2018-06-29,00:47:38,1530247658.7555554,25.1,36.8
pilogger,2018-06-29,00:48:39,1530247719.4058583,25.1,36.7
pilogger,2018-06-29,00:49:39,1530247779.637902,25.1,36.7
pilogger,2018-06-29,00:50:40,1530247840.3458843,25.1,36.7
pilogger,2018-06-29,00:51:40,1530247900.5221508,25.1,36.7
pilogger,2018-06-29,00:52:40,1530247960.7002883,25.1,36.7
pilogger,2018-06-29,00:53:41,1530248021.4079053,25.1,36.7
pilogger,2018-06-29,00:54:41,1530248081.5838194,25.1,36.7
pilogger,2018-06-29,00:55:42,1530248142.2336273,25.1,36.6
pilogger,2018-06-29,00:56:42,1530248202.9957435,25.1,36.7
pilogger,2018-06-29,00:57:43,1530248263.645929,,
pilogger,2018-06-29,00:58:43,1530248323.6758676,25.1,36.5
pilogger,2018-06-29,00:59:44,1530248384.5462506,25.1,36.6
pilogger,2018-06-29,01:00:45,1530248445.196346,25.1,36.6
pilogger,2018-06-29,01:01:45,1530248505.3698077,,
pilogger,2018-06-29,01:02:45,1530248565.3878944,,
pilogger,2018-06-29,01:03:45,1530248625.409539,25.1,36.6
pilogger,2018-06-29,01:04:46,1530248686.1159916,21.9,36.6
pilogger,2018-06-29,01:05:46,1530248746.9784222,,
pilogger,2018-06-29,01:06:47,1530248807.0123582,25.1,36.5
pilogger,2018-06-29,01:07:47,1530248867.6635077,25.1,36.5
pilogger,2018-06-29,01:08:48,1530248928.3136525,25.0,36.5
pilogger,2018-06-29,01:09:48,1530248988.4902432,18.7,36.6
pilogger,2018-06-29,01:10:49,1530249049.1938756,25.1,36.5
pilogger,2018-06-29,01:11:49,1530249109.5944297,25.1,36.5
pilogger,2018-06-29,01:12:50,1530249170.2439091,25.1,36.5
pilogger,2018-06-29,01:13:50,1530249230.5283086,,
pilogger,2018-06-29,01:14:50,1530249290.558483,25.1,36.5
pilogger,2018-06-29,01:15:51,1530249351.486105,25.1,36.5
pilogger,2018-06-29,01:16:52,1530249412.140464,21.9,36.5
pilogger,2018-06-29,01:17:52,1530249472.372008,25.0,36.5
pilogger,2018-06-29,01:18:53,1530249533.022291,25.1,36.5
pilogger,2018-06-29,01:19:53,1530249593.6737201,,
pilogger,2018-06-29,01:20:53,1530249653.7089236,25.1,36.5
pilogger,2018-06-29,01:21:54,1530249714.5163546,25.1,36.5
pilogger,2018-06-29,01:22:54,1530249774.9080656,25.1,36.5
pilogger,2018-06-29,01:23:55,1530249835.558001,25.1,36.5
pilogger,2018-06-29,01:24:55,1530249895.9001904,25.1,36.5
pilogger,2018-06-29,01:25:56,1530249956.235791,25.1,36.5
pilogger,2018-06-29,01:26:56,1530250016.886919,25.1,36.5
pilogger,2018-06-29,01:27:57,1530250077.537944,25.1,36.5
pilogger,2018-06-29,01:28:58,1530250138.1882715,,
pilogger,2018-06-29,01:29:58,1530250198.2065997,,
pilogger,2018-06-29,01:30:58,1530250258.2300916,25.1,36.4
pilogger,2018-06-29,01:31:58,1530250318.885856,25.1,36.5
pilogger,2018-06-29,01:32:59,1530250379.7502308,25.0,36.4
pilogger,2018-06-29,01:34:00,1530250440.5683873,25.1,36.4
pilogger,2018-06-29,01:35:00,1530250500.5942132,25.1,36.5
pilogger,2018-06-29,01:36:01,1530250561.2438283,25.1,36.5
pilogger,2018-06-29,01:37:01,1530250621.2841403,25.1,36.5
pilogger,2018-06-29,01:38:01,1530250681.9337318,,
pilogger,2018-06-29,01:39:01,1530250741.9540565,25.1,36.4
pilogger,2018-06-29,01:40:02,1530250802.8258436,25.1,36.4
pilogger,2018-06-29,01:41:03,1530250863.4760413,25.1,36.5
pilogger,2018-06-29,01:42:04,1530250924.3443136,25.1,36.5
pilogger,2018-06-29,01:43:04,1530250984.5198104,25.0,36.4
pilogger,2018-06-29,01:44:05,1530251045.2299764,25.0,36.4
pilogger,2018-06-29,01:45:05,1530251105.405682,25.0,36.4
pilogger,2018-06-29,01:46:06,1530251166.0557253,25.0,36.4
pilogger,2018-06-29,01:47:07,1530251227.0321317,25.0,36.4
pilogger,2018-06-29,01:48:07,1530251287.681928,25.0,36.4
pilogger,2018-06-29,01:49:07,1530251347.9702127,,
pilogger,2018-06-29,01:50:08,1530251408.0041854,25.1,36.4
pilogger,2018-06-29,01:51:08,1530251468.6538854,25.0,36.4
pilogger,2018-06-29,01:52:08,1530251528.8301766,25.0,36.4
pilogger,2018-06-29,01:53:09,1530251589.0058815,25.0,36.4
pilogger,2018-06-29,01:54:09,1530251649.6559544,21.9,36.5
pilogger,2018-06-29,01:55:09,1530251709.8319318,25.0,36.5
pilogger,2018-06-29,01:56:10,1530251770.6960857,25.0,36.5
pilogger,2018-06-29,01:57:11,1530251831.3403373,25.0,36.5
pilogger,2018-06-29,01:58:11,1530251891.515466,25.0,36.5
pilogger,2018-06-29,01:59:11,1530251951.799847,25.0,36.5
pilogger,2018-06-29,02:00:12,1530252012.1378696,,
pilogger,2018-06-29,02:01:12,1530252072.1681335,25.1,36.4
pilogger,2018-06-29,02:02:13,1530252133.145659,25.1,36.4
pilogger,2018-06-29,02:03:13,1530252193.7957668,,
pilogger,2018-06-29,02:04:13,1530252253.822331,25.0,36.4
pilogger,2018-06-29,02:05:14,1530252314.806208,,
pilogger,2018-06-29,02:06:14,1530252374.8300667,25.1,36.5
pilogger,2018-06-29,02:07:15,1530252435.06011,18.7,36.5
pilogger,2018-06-29,02:08:15,1530252495.7628257,25.0,36.4
pilogger,2018-06-29,02:09:16,1530252556.1002429,,
pilogger,2018-06-29,02:10:16,1530252616.130502,25.1,36.5
pilogger,2018-06-29,02:11:16,1530252676.7800093,25.0,36.4
pilogger,2018-06-29,02:12:16,1530252736.814011,25.0,36.4
pilogger,2018-06-29,02:13:17,1530252797.464255,25.0,36.4
pilogger,2018-06-29,02:14:18,1530252858.1138701,25.0,36.4
pilogger,2018-06-29,02:15:18,1530252918.403813,25.0,36.4
pilogger,2018-06-29,02:16:19,1530252979.3839202,25.0,36.4
pilogger,2018-06-29,02:17:20,1530253040.1422882,25.1,36.4
pilogger,2018-06-29,02:18:21,1530253101.0660334,25.0,36.4
pilogger,2018-06-29,02:19:21,1530253161.3502848,25.1,36.4
pilogger,2018-06-29,02:20:21,1530253221.3760188,25.0,36.4
pilogger,2018-06-29,02:21:22,1530253282.0259671,25.0,36.4
pilogger,2018-06-29,02:22:22,1530253342.311492,,
pilogger,2018-06-29,02:23:22,1530253402.3380847,25.1,36.4
pilogger,2018-06-29,02:24:22,1530253462.987904,25.0,36.4
pilogger,2018-06-29,02:25:23,1530253523.6380181,25.0,36.4
pilogger,2018-06-29,02:26:23,1530253583.9242148,25.0,36.4
pilogger,2018-06-29,02:27:24,1530253644.6336904,25.0,36.4
pilogger,2018-06-29,02:28:25,1530253705.3899782,25.0,36.5
pilogger,2018-06-29,02:29:26,1530253766.0397313,25.1,36.5
pilogger,2018-06-29,02:30:26,1530253826.689839,25.0,36.5
pilogger,2018-06-29,02:31:27,1530253887.3960824,25.0,36.4
pilogger,2018-06-29,02:32:27,1530253947.6282694,25.0,36.4
pilogger,2018-06-29,02:33:28,1530254008.030429,25.0,36.4
pilogger,2018-06-29,02:34:28,1530254068.6799326,25.0,36.4
pilogger,2018-06-29,02:35:29,1530254129.3859773,25.0,36.4
pilogger,2018-06-29,02:36:30,1530254190.0358486,,
pilogger,2018-06-29,02:37:30,1530254250.0739212,25.0,36.4
pilogger,2018-06-29,02:38:30,1530254310.9463382,25.0,36.4
pilogger,2018-06-29,02:39:31,1530254371.648134,,
pilogger,2018-06-29,02:40:31,1530254431.6743646,25.0,36.3
pilogger,2018-06-29,02:41:32,1530254492.0598528,25.1,36.4
pilogger,2018-06-29,02:42:32,1530254552.4001007,25.0,36.3
pilogger,2018-06-29,02:43:33,1530254613.3260946,18.6,36.3
pilogger,2018-06-29,02:44:34,1530254674.1384068,25.0,36.3
pilogger,2018-06-29,02:45:34,1530254734.5883436,,
pilogger,2018-06-29,02:46:34,1530254794.6129587,25.1,36.4
pilogger,2018-06-29,02:47:34,1530254854.7878802,25.0,36.3
pilogger,2018-06-29,02:48:35,1530254915.4940224,25.0,36.3
pilogger,2018-06-29,02:49:35,1530254975.670253,25.0,36.3
pilogger,2018-06-29,02:50:36,1530255036.6475265,21.8,36.3
pilogger,2018-06-29,02:51:37,1530255097.61826,25.0,36.3
pilogger,2018-06-29,02:52:38,1530255158.3738902,25.0,36.3
pilogger,2018-06-29,02:53:38,1530255218.7201302,25.0,36.3
pilogger,2018-06-29,02:54:39,1530255279.640374,25.0,36.3
pilogger,2018-06-29,02:55:39,1530255339.8699274,21.8,36.3
pilogger,2018-06-29,02:56:40,1530255400.626016,25.0,36.3
pilogger,2018-06-29,02:57:41,1530255461.2783496,25.0,36.3
pilogger,2018-06-29,02:58:42,1530255522.1522987,25.0,36.3
pilogger,2018-06-29,02:59:42,1530255582.32824,25.0,36.3
pilogger,2018-06-29,03:00:42,1530255642.6659138,25.0,36.3
pilogger,2018-06-29,03:01:43,1530255703.0601313,25.0,36.3
pilogger,2018-06-29,03:02:43,1530255763.9842286,25.0,36.3
pilogger,2018-06-29,03:03:44,1530255824.4263618,25.0,36.3
pilogger,2018-06-29,03:04:44,1530255884.5998247,,
pilogger,2018-06-29,03:05:44,1530255944.6320488,,
pilogger,2018-06-29,03:06:44,1530256004.655407,25.0,36.3
pilogger,2018-06-29,03:07:45,1530256065.3583798,25.0,36.3
pilogger,2018-06-29,03:08:46,1530256126.061683,25.0,36.3
pilogger,2018-06-29,03:09:46,1530256186.7122533,25.0,36.3
pilogger,2018-06-29,03:10:47,1530256247.635846,25.0,36.3
pilogger,2018-06-29,03:11:48,1530256308.3922534,25.0,36.3
pilogger,2018-06-29,03:12:49,1530256369.0422204,25.0,36.3
pilogger,2018-06-29,03:13:49,1530256429.2183046,25.0,36.3
pilogger,2018-06-29,03:14:50,1530256490.2037623,,
pilogger,2018-06-29,03:15:50,1530256550.2215395,25.0,36.2
pilogger,2018-06-29,03:16:50,1530256610.9803476,25.0,36.3
pilogger,2018-06-29,03:17:51,1530256671.1603034,25.0,36.2
pilogger,2018-06-29,03:18:51,1530256731.8097339,25.0,36.2
pilogger,2018-06-29,03:19:52,1530256792.3157976,25.0,36.2
pilogger,2018-06-29,03:20:52,1530256852.9661736,25.0,36.2
pilogger,2018-06-29,03:21:53,1530256913.7782855,25.0,36.2
pilogger,2018-06-29,03:22:53,1530256973.9564543,25.0,36.2
pilogger,2018-06-29,03:23:54,1530257034.6618524,25.0,36.2
pilogger,2018-06-29,03:24:54,1530257094.8403952,25.0,36.2
pilogger,2018-06-29,03:25:55,1530257155.0160341,25.0,36.2
pilogger,2018-06-29,03:26:55,1530257215.722185,25.0,36.2
pilogger,2018-06-29,03:27:56,1530257276.598345,25.0,36.2
pilogger,2018-06-29,03:28:57,1530257337.2483184,25.0,36.2
pilogger,2018-06-29,03:29:58,1530257398.0078743,25.0,36.2
pilogger,2018-06-29,03:30:58,1530257458.2397833,25.0,36.2
pilogger,2018-06-29,03:31:58,1530257518.9418721,25.0,36.2
pilogger,2018-06-29,03:32:59,1530257579.5918708,25.0,36.2
pilogger,2018-06-29,03:34:00,1530257640.406058,25.0,36.2
pilogger,2018-06-29,03:35:01,1530257701.0562022,25.0,36.2
pilogger,2018-06-29,03:36:01,1530257761.4523335,25.0,36.2
pilogger,2018-06-29,03:37:02,1530257822.214362,25.0,36.2
pilogger,2018-06-29,03:38:03,1530257883.084226,25.0,36.2
pilogger,2018-06-29,03:39:03,1530257943.7337081,25.0,36.2
pilogger,2018-06-29,03:40:03,1530258003.9680676,25.0,36.2
pilogger,2018-06-29,03:41:04,1530258064.618221,,
pilogger,2018-06-29,03:42:04,1530258124.6504436,25.0,36.2
pilogger,2018-06-29,03:43:04,1530258184.8816154,25.0,36.2
pilogger,2018-06-29,03:44:05,1530258245.059831,25.0,36.2
pilogger,2018-06-29,03:45:05,1530258305.8218064,25.0,36.2
pilogger,2018-06-29,03:46:06,1530258366.5801847,25.0,36.2
pilogger,2018-06-29,03:47:07,1530258427.2302043,25.0,36.2
pilogger,2018-06-29,03:48:07,1530258487.5183585,25.0,36.2
pilogger,2018-06-29,03:49:07,1530258547.6977153,25.0,36.2
pilogger,2018-06-29,03:50:08,1530258608.0339622,25.0,36.2
pilogger,2018-06-29,03:51:08,1530258668.6849759,25.0,36.2
pilogger,2018-06-29,03:52:08,1530258728.9701507,25.0,36.1
pilogger,2018-06-29,03:53:09,1530258789.4164417,25.0,36.1
pilogger,2018-06-29,03:54:10,1530258850.0658417,25.0,36.1
pilogger,2018-06-29,03:55:10,1530258910.7155704,25.0,36.2
pilogger,2018-06-29,03:56:10,1530258970.997989,25.0,36.1
pilogger,2018-06-29,03:57:11,1530259031.34012,,
pilogger,2018-06-29,03:58:11,1530259091.367475,25.0,36.1
pilogger,2018-06-29,03:59:11,1530259151.54555,25.1,36.2
pilogger,2018-06-29,04:00:11,1530259211.7218568,25.0,36.1
pilogger,2018-06-29,04:01:12,1530259272.3722875,25.0,36.2
pilogger,2018-06-29,04:02:12,1530259332.7702785,25.0,36.2
pilogger,2018-06-29,04:03:13,1530259393.4258327,25.0,36.1
pilogger,2018-06-29,04:04:14,1530259454.341985,25.0,36.1
pilogger,2018-06-29,04:05:15,1530259515.1042023,25.0,36.1
pilogger,2018-06-29,04:06:15,1530259575.7540379,25.0,36.1
pilogger,2018-06-29,04:07:16,1530259636.403819,25.0,36.1
pilogger,2018-06-29,04:08:16,1530259696.9080632,25.0,36.1
pilogger,2018-06-29,04:09:17,1530259757.6662202,25.0,36.1
pilogger,2018-06-29,04:10:18,1530259818.4744728,25.0,36.2
pilogger,2018-06-29,04:11:19,1530259879.3417099,25.0,36.2
pilogger,2018-06-29,04:12:19,1530259939.570141,25.0,36.2
pilogger,2018-06-29,04:13:19,1530259999.7464452,25.0,36.2
pilogger,2018-06-29,04:14:20,1530260060.0302925,25.0,36.2
pilogger,2018-06-29,04:15:20,1530260120.7357342,,
pilogger,2018-06-29,04:16:20,1530260180.7554336,25.0,36.1
pilogger,2018-06-29,04:17:21,1530260241.464155,25.0,36.2
pilogger,2018-06-29,04:18:21,1530260301.640269,25.0,36.2
pilogger,2018-06-29,04:19:21,1530260361.6717896,25.0,36.1
pilogger,2018-06-29,04:20:22,1530260422.3221993,25.0,36.2
pilogger,2018-06-29,04:21:23,1530260483.2420263,,
pilogger,2018-06-29,04:22:23,1530260543.2617953,25.0,36.2
pilogger,2018-06-29,04:23:23,1530260603.5457435,25.0,36.1
pilogger,2018-06-29,04:24:24,1530260664.3558056,,
pilogger,2018-06-29,04:25:24,1530260724.3682015,25.0,36.1
pilogger,2018-06-29,04:26:24,1530260784.6001246,25.0,36.2
pilogger,2018-06-29,04:27:24,1530260844.777957,25.0,36.2
pilogger,2018-06-29,04:28:25,1530260905.4280663,25.0,36.2
pilogger,2018-06-29,04:29:26,1530260966.2459207,25.0,36.2
pilogger,2018-06-29,04:30:26,1530261026.8959858,25.0,36.2
pilogger,2018-06-29,04:31:27,1530261087.5459843,25.0,36.2
pilogger,2018-06-29,04:32:28,1530261148.0523248,25.0,36.2
pilogger,2018-06-29,04:33:28,1530261208.8139284,25.0,36.2
pilogger,2018-06-29,04:34:29,1530261269.260013,25.0,36.2
pilogger,2018-06-29,04:35:30,1530261330.074346,25.0,36.2
pilogger,2018-06-29,04:36:30,1530261390.7238069,25.0,36.2
pilogger,2018-06-29,04:37:31,1530261451.1700668,25.0,36.2
pilogger,2018-06-29,04:38:31,1530261511.460262,25.0,36.2
pilogger,2018-06-29,04:39:31,1530261571.9057424,25.0,36.2
pilogger,2018-06-29,04:40:32,1530261632.0800831,,
pilogger,2018-06-29,04:41:32,1530261692.1084154,25.0,36.1
pilogger,2018-06-29,04:42:32,1530261752.3398566,25.0,36.1
pilogger,2018-06-29,04:43:33,1530261813.0459394,25.0,36.1
pilogger,2018-06-29,04:44:33,1530261873.280507,21.8,36.1
pilogger,2018-06-29,04:45:33,1530261933.781901,25.0,36.1
pilogger,2018-06-29,04:46:34,1530261994.4318779,25.0,36.1
pilogger,2018-06-29,04:47:34,1530262054.6660836,25.0,36.1
pilogger,2018-06-29,04:48:35,1530262115.3157957,,
pilogger,2018-06-29,04:49:35,1530262175.3421793,25.0,36.2
pilogger,2018-06-29,04:50:35,1530262235.518038,25.0,36.2
pilogger,2018-06-29,04:51:35,1530262295.7497766,25.0,36.1
pilogger,2018-06-29,04:52:36,1530262356.4002526,25.0,36.1
pilogger,2018-06-29,04:53:37,1530262417.2096193,25.0,36.1
pilogger,2018-06-29,04:54:37,1530262477.7081726,25.0,36.1
pilogger,2018-06-29,04:55:37,1530262537.9361086,25.0,36.1
pilogger,2018-06-29,04:56:38,1530262598.5859895,25.0,36.1
pilogger,2018-06-29,04:57:39,1530262659.511693,25.0,36.2
pilogger,2018-06-29,04:58:39,1530262719.7979958,25.0,36.2
pilogger,2018-06-29,04:59:40,1530262780.085988,25.0,36.1
pilogger,2018-06-29,05:00:40,1530262840.8422854,25.0,36.1
pilogger,2018-06-29,05:01:41,1530262901.4919238,25.0,36.2
pilogger,2018-06-29,05:02:42,1530262962.199072,25.0,36.2
pilogger,2018-06-29,05:03:42,1530263022.8499432,25.0,36.1
pilogger,2018-06-29,05:04:43,1530263083.0283866,25.0,36.1
pilogger,2018-06-29,05:05:43,1530263143.271767,25.0,36.1
pilogger,2018-06-29,05:06:43,1530263203.5618298,25.0,36.1
pilogger,2018-06-29,05:07:44,1530263264.2657413,25.0,36.1
pilogger,2018-06-29,05:08:44,1530263324.4983,25.0,36.1
pilogger,2018-06-29,05:09:44,1530263384.8962452,25.0,36.1
pilogger,2018-06-29,05:10:45,1530263445.604152,25.0,36.1
pilogger,2018-06-29,05:11:46,1530263506.2542374,25.0,36.1
pilogger,2018-06-29,05:12:46,1530263566.2823367,25.0,36.1
pilogger,2018-06-29,05:13:46,1530263626.7836268,25.0,36.1
pilogger,2018-06-29,05:14:47,1530263687.4357772,25.0,36.1
pilogger,2018-06-29,05:15:48,1530263748.086032,25.0,36.1
pilogger,2018-06-29,05:16:48,1530263808.9561982,25.0,36.1
pilogger,2018-06-29,05:17:49,1530263869.6619532,25.0,36.1
pilogger,2018-06-29,05:18:49,1530263929.89584,25.0,36.1
pilogger,2018-06-29,05:19:50,1530263990.2283313,25.0,36.1
pilogger,2018-06-29,05:20:51,1530264051.2060204,,
pilogger,2018-06-29,05:21:51,1530264111.2282047,21.8,36.1
pilogger,2018-06-29,05:22:52,1530264172.2062182,25.0,36.1
pilogger,2018-06-29,05:23:53,1530264233.0200517,25.0,36.1
pilogger,2018-06-29,05:24:53,1530264293.669687,25.0,36.2
pilogger,2018-06-29,05:25:53,1530264353.8978274,25.0,36.2
pilogger,2018-06-29,05:26:54,1530264414.548095,,
pilogger,2018-06-29,05:27:54,1530264474.5657167,25.0,36.2
pilogger,2018-06-29,05:28:54,1530264534.797297,,
pilogger,2018-06-29,05:29:54,1530264594.8258276,25.0,36.2
pilogger,2018-06-29,05:30:55,1530264655.6959376,25.0,36.2
pilogger,2018-06-29,05:31:56,1530264716.34585,25.0,36.1
pilogger,2018-06-29,05:32:56,1530264776.996225,25.0,36.2
pilogger,2018-06-29,05:33:57,1530264837.6456397,25.0,36.2
pilogger,2018-06-29,05:34:58,1530264898.0417898,25.0,36.2
pilogger,2018-06-29,05:35:58,1530264958.6917388,25.0,36.2
pilogger,2018-06-29,05:36:58,1530265018.9760544,25.0,36.2
pilogger,2018-06-29,05:37:59,1530265079.836229,18.6,36.2
pilogger,2018-06-29,05:39:00,1530265140.6481674,21.8,36.2
pilogger,2018-06-29,05:40:01,1530265201.6263514,25.0,36.2
pilogger,2018-06-29,05:41:02,1530265262.2757494,25.0,36.2
pilogger,2018-06-29,05:42:02,1530265322.511977,25.0,36.2
pilogger,2018-06-29,05:43:03,1530265383.1620874,25.0,36.2
pilogger,2018-06-29,05:44:03,1530265443.4495223,25.0,36.2
pilogger,2018-06-29,05:45:04,1530265504.2625344,25.0,36.2
pilogger,2018-06-29,05:46:04,1530265564.911639,25.0,36.2
pilogger,2018-06-29,05:47:05,1530265625.723766,25.0,36.2
pilogger,2018-06-29,05:48:06,1530265686.3737617,25.0,36.2
pilogger,2018-06-29,05:49:07,1530265747.0239832,25.0,36.2
pilogger,2018-06-29,05:50:07,1530265807.528199,25.0,36.2
pilogger,2018-06-29,05:51:08,1530265868.3963234,25.0,36.2
pilogger,2018-06-29,05:52:09,1530265929.0456078,,
pilogger,2018-06-29,05:53:09,1530265989.070364,25.0,36.2
pilogger,2018-06-29,05:54:09,1530266049.25032,,
pilogger,2018-06-29,05:55:09,1530266109.2683814,25.0,36.1
pilogger,2018-06-29,05:56:09,1530266169.500244,25.0,36.2
pilogger,2018-06-29,05:57:09,1530266229.676368,25.0,36.2
pilogger,2018-06-29,05:58:10,1530266290.3255475,25.0,36.2
pilogger,2018-06-29,05:59:10,1530266350.5039327,21.8,36.2
pilogger,2018-06-29,06:00:10,1530266410.7879746,25.0,36.2
pilogger,2018-06-29,06:01:11,1530266471.5964227,25.0,36.2
pilogger,2018-06-29,06:02:11,1530266531.7738693,25.0,36.2
pilogger,2018-06-29,06:03:12,1530266592.585958,25.0,36.2
pilogger,2018-06-29,06:04:12,1530266652.7596984,25.0,36.2
pilogger,2018-06-29,06:05:13,1530266713.521997,25.0,36.2
pilogger,2018-06-29,06:06:14,1530266774.3859427,25.0,36.2
pilogger,2018-06-29,06:07:15,1530266835.142297,25.0,36.2
pilogger,2018-06-29,06:08:15,1530266895.7928884,25.0,36.2
pilogger,2018-06-29,06:09:16,1530266956.6718192,25.0,36.2
pilogger,2018-06-29,06:10:17,1530267017.3217943,25.0,36.2
pilogger,2018-06-29,06:11:17,1530267077.5000222,25.0,36.1
pilogger,2018-06-29,06:12:17,1530267137.89819,25.0,36.1
pilogger,2018-06-29,06:13:18,1530267198.1301293,25.0,36.1
pilogger,2018-06-29,06:14:18,1530267258.307747,25.0,36.1
pilogger,2018-06-29,06:15:19,1530267319.2258782,25.0,36.1
pilogger,2018-06-29,06:16:19,1530267379.4559574,25.0,36.1
pilogger,2018-06-29,06:17:20,1530267440.106088,25.0,36.1
pilogger,2018-06-29,06:18:20,1530267500.8142776,25.0,36.1
pilogger,2018-06-29,06:19:21,1530267561.4642482,,
pilogger,2018-06-29,06:20:21,1530267621.4883711,25.0,36.1
pilogger,2018-06-29,06:21:21,1530267681.6680255,25.0,36.1
pilogger,2018-06-29,06:22:21,1530267741.951761,25.0,36.1
pilogger,2018-06-29,06:23:22,1530267802.1303308,25.0,36.1
pilogger,2018-06-29,06:24:22,1530267862.942196,25.0,36.1
pilogger,2018-06-29,06:25:23,1530267923.120348,25.0,36.1
pilogger,2018-06-29,06:26:23,1530267983.769425,25.0,36.1
pilogger,2018-06-29,06:27:24,1530268044.267949,25.0,36.1
pilogger,2018-06-29,06:28:24,1530268104.9178877,21.8,36.1
pilogger,2018-06-29,06:29:25,1530268165.2020016,,
pilogger,2018-06-29,06:30:25,1530268225.2221289,25.0,36.1
pilogger,2018-06-29,06:31:26,1530268286.1983633,25.1,36.1
pilogger,2018-06-29,06:32:27,1530268347.0736423,25.0,36.1
pilogger,2018-06-29,06:33:27,1530268407.1019099,25.1,36.1
pilogger,2018-06-29,06:34:27,1530268467.3918486,25.0,36.1
pilogger,2018-06-29,06:35:28,1530268528.0421202,25.1,36.1
pilogger,2018-06-29,06:36:28,1530268588.270678,25.0,36.1
pilogger,2018-06-29,06:37:28,1530268648.9198728,25.1,36.1
pilogger,2018-06-29,06:38:29,1530268709.6815333,25.0,36.1
pilogger,2018-06-29,06:39:30,1530268770.3322453,25.1,36.2
pilogger,2018-06-29,06:40:30,1530268830.9819396,25.0,36.1
pilogger,2018-06-29,06:41:31,1530268891.6322494,25.0,36.2
pilogger,2018-06-29,06:42:32,1530268952.28544,25.0,36.1
pilogger,2018-06-29,06:43:33,1530269013.15539,25.0,36.1
pilogger,2018-06-29,06:44:34,1530269074.1373043,25.1,36.2
pilogger,2018-06-29,06:45:34,1530269134.7892137,25.1,36.1
pilogger,2018-06-29,06:46:35,1530269195.4381928,25.0,36.1
pilogger,2018-06-29,06:47:35,1530269255.6702926,25.0,36.1
pilogger,2018-06-29,06:48:35,1530269315.8480363,25.0,36.1
pilogger,2018-06-29,06:49:36,1530269376.075813,25.1,36.1
pilogger,2018-06-29,06:50:36,1530269436.725811,25.0,36.1
pilogger,2018-06-29,06:51:36,1530269496.9022932,25.0,36.1
pilogger,2018-06-29,06:52:37,1530269557.6616945,21.8,36.1
pilogger,2018-06-29,06:53:37,1530269617.9522572,25.0,36.1
pilogger,2018-06-29,06:54:38,1530269678.6030169,25.0,36.0
pilogger,2018-06-29,06:55:39,1530269739.045866,25.1,36.1
pilogger,2018-06-29,06:56:39,1530269799.222226,25.1,36.1
pilogger,2018-06-29,06:57:40,1530269860.0359454,,
pilogger,2018-06-29,06:58:40,1530269920.063909,,
pilogger,2018-06-29,06:59:40,1530269980.083631,25.1,36.1
pilogger,2018-06-29,07:00:40,1530270040.3184566,25.1,36.1
pilogger,2018-06-29,07:01:41,1530270101.1858706,,
pilogger,2018-06-29,07:02:41,1530270161.2118297,25.1,36.1
pilogger,2018-06-29,07:03:41,1530270221.9702685,25.1,36.2
pilogger,2018-06-29,07:04:42,1530270282.8940387,25.1,36.2
pilogger,2018-06-29,07:05:43,1530270343.544011,25.1,36.3
pilogger,2018-06-29,07:06:44,1530270404.4938145,25.1,36.3
pilogger,2018-06-29,07:07:45,1530270465.144172,25.1,36.3
pilogger,2018-06-29,07:08:45,1530270525.7938907,25.1,36.4
pilogger,2018-06-29,07:09:45,1530270585.971806,25.1,36.3
pilogger,2018-06-29,07:10:46,1530270646.3080177,25.1,36.3
pilogger,2018-06-29,07:11:46,1530270706.5962517,25.1,36.3
pilogger,2018-06-29,07:12:47,1530270767.4120066,25.1,36.3
pilogger,2018-06-29,07:13:47,1530270827.8098376,25.1,36.3
pilogger,2018-06-29,07:14:48,1530270888.4600608,25.1,36.3
pilogger,2018-06-29,07:15:49,1530270949.3299868,25.1,33.1
pilogger,2018-06-29,07:16:49,1530271009.9800735,25.1,36.3
pilogger,2018-06-29,07:17:50,1530271070.7363825,25.1,36.2
pilogger,2018-06-29,07:18:51,1530271131.3857775,25.1,36.3
pilogger,2018-06-29,07:19:52,1530271192.0360446,25.1,36.2
pilogger,2018-06-29,07:20:52,1530271252.7422962,25.1,36.1
pilogger,2018-06-29,07:21:53,1530271313.4460635,25.1,36.1
pilogger,2018-06-29,07:22:54,1530271374.0957532,25.1,36.1
pilogger,2018-06-29,07:23:54,1530271434.124119,25.1,36.1
pilogger,2018-06-29,07:24:54,1530271494.7739854,25.1,36.1
pilogger,2018-06-29,07:25:55,1530271555.4241953,25.1,36.0
pilogger,2018-06-29,07:26:56,1530271616.296143,,
pilogger,2018-06-29,07:27:56,1530271676.3283076,25.1,35.9
pilogger,2018-06-29,07:28:56,1530271736.614065,18.7,35.9
pilogger,2018-06-29,07:29:56,1530271796.901765,,
pilogger,2018-06-29,07:30:56,1530271856.9303937,25.1,35.9
pilogger,2018-06-29,07:31:57,1530271917.2179615,,
pilogger,2018-06-29,07:32:57,1530271977.2403958,25.2,35.9
pilogger,2018-06-29,07:33:57,1530272037.5801752,25.2,35.9
pilogger,2018-06-29,07:34:57,1530272097.7581635,,
pilogger,2018-06-29,07:35:57,1530272157.7781672,25.2,35.9
pilogger,2018-06-29,07:36:58,1530272218.4277627,,
pilogger,2018-06-29,07:37:58,1530272278.4605474,25.1,35.9
pilogger,2018-06-29,07:38:59,1530272339.1098313,25.2,35.9
pilogger,2018-06-29,07:39:59,1530272399.3960652,25.1,35.9
pilogger,2018-06-29,07:41:00,1530272460.0461547,18.7,35.9
pilogger,2018-06-29,07:42:00,1530272520.2220962,,
pilogger,2018-06-29,07:43:00,1530272580.2347198,25.1,35.8
pilogger,2018-06-29,07:44:00,1530272640.4658256,25.1,35.8
pilogger,2018-06-29,07:45:01,1530272701.115816,25.1,35.8
pilogger,2018-06-29,07:46:01,1530272761.7661428,25.1,35.9
pilogger,2018-06-29,07:47:02,1530272822.4161484,25.1,35.8
pilogger,2018-06-29,07:48:03,1530272883.172436,25.2,35.8
pilogger,2018-06-29,07:49:04,1530272944.154283,,
pilogger,2018-06-29,07:50:04,1530273004.1782086,25.1,35.7
pilogger,2018-06-29,07:51:04,1530273064.9339738,25.2,35.8
pilogger,2018-06-29,07:52:05,1530273125.584221,21.9,35.7
pilogger,2018-06-29,07:53:06,1530273186.3963563,25.2,35.8
pilogger,2018-06-29,07:54:07,1530273247.0460408,25.2,35.8
pilogger,2018-06-29,07:55:07,1530273307.805784,25.2,35.8
pilogger,2018-06-29,07:56:08,1530273368.0901942,25.2,35.8
pilogger,2018-06-29,07:57:08,1530273428.274116,25.2,35.8
pilogger,2018-06-29,07:58:08,1530273488.9843433,25.2,35.8
pilogger,2018-06-29,07:59:09,1530273549.216342,25.2,35.8
pilogger,2018-06-29,08:00:09,1530273609.564134,25.2,35.8
pilogger,2018-06-29,08:01:09,1530273669.739746,25.2,35.8
pilogger,2018-06-29,08:02:10,1530273730.495788,25.2,35.8
pilogger,2018-06-29,08:03:10,1530273790.6699073,25.1,35.8
pilogger,2018-06-29,08:04:11,1530273851.5438607,,
pilogger,2018-06-29,08:05:11,1530273911.5781806,25.2,35.8
pilogger,2018-06-29,08:06:12,1530273972.5521917,25.2,35.8
pilogger,2018-06-29,08:07:12,1530274032.8903668,25.2,35.8
pilogger,2018-06-29,08:08:13,1530274093.065923,25.2,35.8
pilogger,2018-06-29,08:09:13,1530274153.771674,25.2,35.8
pilogger,2018-06-29,08:10:14,1530274214.4222598,25.2,35.8
pilogger,2018-06-29,08:11:15,1530274275.0719032,25.2,35.8
pilogger,2018-06-29,08:12:15,1530274335.2482476,25.2,35.8
pilogger,2018-06-29,08:13:15,1530274395.5382106,25.2,35.8
pilogger,2018-06-29,08:14:15,1530274455.7141664,25.1,35.8
pilogger,2018-06-29,08:15:16,1530274516.363613,25.2,35.8
pilogger,2018-06-29,08:16:16,1530274576.5417192,,
pilogger,2018-06-29,08:17:16,1530274636.574252,25.2,35.8
pilogger,2018-06-29,08:18:17,1530274697.5459232,25.2,35.8
pilogger,2018-06-29,08:19:18,1530274758.1962278,25.1,35.7
pilogger,2018-06-29,08:20:18,1530274818.8999107,25.2,35.8
pilogger,2018-06-29,08:21:19,1530274879.1302001,25.2,35.8
pilogger,2018-06-29,08:22:19,1530274939.9459424,25.1,35.7
pilogger,2018-06-29,08:23:20,1530275000.8219926,25.1,35.7
pilogger,2018-06-29,08:24:21,1530275061.1098628,25.2,35.8
pilogger,2018-06-29,08:25:22,1530275122.0342453,25.2,35.8
pilogger,2018-06-29,08:26:22,1530275182.6899097,,
pilogger,2018-06-29,08:27:22,1530275242.712419,25.2,35.8
pilogger,2018-06-29,08:28:22,1530275302.8898516,,
pilogger,2018-06-29,08:29:22,1530275362.9214122,25.2,35.8
pilogger,2018-06-29,08:30:23,1530275423.310128,25.2,35.8
pilogger,2018-06-29,08:31:23,1530275483.538294,25.1,35.8
pilogger,2018-06-29,08:32:23,1530275543.930426,25.2,35.9
pilogger,2018-06-29,08:33:24,1530275604.2178721,25.2,35.8
pilogger,2018-06-29,08:34:24,1530275664.395781,25.1,35.9
pilogger,2018-06-29,08:35:25,1530275725.1519141,25.2,35.9
pilogger,2018-06-29,08:36:25,1530275785.802239,25.1,35.9
pilogger,2018-06-29,08:37:26,1530275846.1483018,25.2,35.9
pilogger,2018-06-29,08:38:26,1530275906.9136236,25.2,35.9
pilogger,2018-06-29,08:39:27,1530275967.5637372,25.2,35.9
pilogger,2018-06-29,08:40:28,1530276028.0658321,25.2,35.9
pilogger,2018-06-29,08:41:28,1530276088.2940774,,
pilogger,2018-06-29,08:42:28,1530276148.3221679,25.2,35.9
pilogger,2018-06-29,08:43:28,1530276208.9719832,25.2,35.9
pilogger,2018-06-29,08:44:29,1530276269.2557592,25.2,36.0
pilogger,2018-06-29,08:45:30,1530276330.0138814,25.2,36.0
pilogger,2018-06-29,08:46:30,1530276390.7719228,25.2,35.9
pilogger,2018-06-29,08:47:31,1530276451.0060277,25.2,36.0
pilogger,2018-06-29,08:48:31,1530276511.868353,25.2,36.0
pilogger,2018-06-29,08:49:32,1530276572.0997221,25.2,36.0
pilogger,2018-06-29,08:50:32,1530276632.749863,,
pilogger,2018-06-29,08:51:32,1530276692.7633216,,
pilogger,2018-06-29,08:52:32,1530276752.794038,25.2,35.9
pilogger,2018-06-29,08:53:32,1530276812.9701202,18.8,35.9
pilogger,2018-06-29,08:54:33,1530276873.788376,22.0,35.9
pilogger,2018-06-29,08:55:34,1530276934.605662,25.2,35.9
pilogger,2018-06-29,08:56:34,1530276994.889985,25.2,35.9
pilogger,2018-06-29,08:57:35,1530277055.5958714,25.2,35.9
pilogger,2018-06-29,08:58:35,1530277115.8260682,25.2,35.9
pilogger,2018-06-29,08:59:36,1530277176.47793,25.2,36.0
pilogger,2018-06-29,09:00:36,1530277236.8160396,25.2,35.9
pilogger,2018-06-29,09:01:37,1530277297.793696,,
pilogger,2018-06-29,09:02:37,1530277357.8055801,25.2,35.9
pilogger,2018-06-29,09:03:38,1530277418.08995,25.2,35.9
pilogger,2018-06-29,09:04:38,1530277478.8160992,25.2,35.9
pilogger,2018-06-29,09:05:39,1530277539.4661283,25.2,35.9
pilogger,2018-06-29,09:06:39,1530277599.7493024,,
pilogger,2018-06-29,09:07:39,1530277659.7632818,25.2,35.9
pilogger,2018-06-29,09:08:40,1530277720.4139764,25.2,36.0
pilogger,2018-06-29,09:09:41,1530277781.1759245,25.2,35.9
pilogger,2018-06-29,09:10:41,1530277841.82565,,
pilogger,2018-06-29,09:11:41,1530277901.8562295,25.3,36.0
pilogger,2018-06-29,09:12:42,1530277962.506398,25.2,35.9
pilogger,2018-06-29,09:13:43,1530278023.2118018,25.2,36.0
pilogger,2018-06-29,09:14:43,1530278083.660184,25.2,35.9
pilogger,2018-06-29,09:15:44,1530278144.4187858,25.2,35.9
pilogger,2018-06-29,09:16:44,1530278204.7100198,25.2,35.9
pilogger,2018-06-29,09:17:45,1530278265.6302824,25.2,35.9
pilogger,2018-06-29,09:18:45,1530278325.8094475,25.2,35.9
pilogger,2018-06-29,09:19:46,1530278386.731927,25.2,35.9
pilogger,2018-06-29,09:20:47,1530278447.6521702,25.2,35.9
pilogger,2018-06-29,09:21:48,1530278508.3082995,25.2,35.9
pilogger,2018-06-29,09:22:49,1530278569.073833,25.2,35.9
pilogger,2018-06-29,09:23:49,1530278629.7240224,25.2,36.0
pilogger,2018-06-29,09:24:50,1530278690.070412,22.0,35.9
pilogger,2018-06-29,09:25:50,1530278750.1059084,25.2,35.9
pilogger,2018-06-29,09:26:50,1530278810.7559543,25.2,35.9
pilogger,2018-06-29,09:27:51,1530278871.4061341,25.2,35.9
pilogger,2018-06-29,09:28:51,1530278931.8002484,25.2,35.9
pilogger,2018-06-29,09:29:52,1530278992.7746284,25.3,36.0
pilogger,2018-06-29,09:30:53,1530279053.7558587,,
pilogger,2018-06-29,09:31:53,1530279113.7794385,25.2,35.8
pilogger,2018-06-29,09:32:54,1530279174.760197,25.3,36.0
pilogger,2018-06-29,09:33:55,1530279235.4677238,25.3,36.0
pilogger,2018-06-29,09:34:56,1530279296.1206076,25.2,35.7
pilogger,2018-06-29,09:35:56,1530279356.886024,25.2,35.7
pilogger,2018-06-29,09:36:57,1530279417.5366166,25.1,35.8
pilogger,2018-06-29,09:37:57,1530279477.8827553,25.1,35.8
pilogger,2018-06-29,09:38:58,1530279538.3083634,25.1,35.9
pilogger,2018-06-29,09:39:58,1530279598.5481758,25.1,36.0
pilogger,2018-06-29,09:40:59,1530279659.204289,25.1,35.9
pilogger,2018-06-29,09:41:54,1530279714.677142,25.1,35.9
pilogger,2018-06-29,09:42:01,1530279721.392036,25.1,36.0
pilogger,2018-06-29,09:42:55,1530279775.386377,25.1,36.0
pilogger,2018-06-29,09:43:02,1530279782.1505358,25.1,36.0
pilogger,2018-06-29,09:43:56,1530279836.0425682,25.0,35.9
pilogger,2018-06-29,09:44:02,1530279842.3625824,25.1,36.0
